Build started 29-Aug-14 5:53:32 PM.
     1>Project "C:\repeatDataStructuresAssessment\SpatialHashingTwo\SpatialHashingTwo.vcxproj" on node 2 (build target(s)).
     1>InitializeBuildStatus:
         Creating "Release\SpatialHashingTwo.unsuccessfulbuild" because "AlwaysCreate" was specified.
       ClCompile:
         c:\Program Files (x86)\Microsoft Visual Studio 10.0\VC\bin\CL.exe /c /Zi /nologo /W3 /WX- /O2 /Oi /Oy- /GL /D WIN32 /D NDEBUG /D _CONSOLE /D _UNICODE /D UNICODE /Gm- /EHsc /MD /GS /Gy /fp:precise /Zc:wchar_t /Zc:forScope /Yc"StdAfx.h" /Fp"Release\SpatialHashingTwo.pch" /Fo"Release\\" /Fd"Release\vc100.pdb" /Gd /TP /analyze- /errorReport:prompt stdafx.cpp
         stdafx.cpp
         c:\Program Files (x86)\Microsoft Visual Studio 10.0\VC\bin\CL.exe /c /Zi /nologo /W3 /WX- /O2 /Oi /Oy- /GL /D WIN32 /D NDEBUG /D _CONSOLE /D _UNICODE /D UNICODE /Gm- /EHsc /MD /GS /Gy /fp:precise /Zc:wchar_t /Zc:forScope /Yu"StdAfx.h" /Fp"Release\SpatialHashingTwo.pch" /Fo"Release\\" /Fd"Release\vc100.pdb" /Gd /TP /analyze- /errorReport:prompt CustomSprite.cpp MapManager.cpp SpatialHashingTwo.cpp SpriteManager.cpp
         CustomSprite.cpp
     1>c:\repeatdatastructuresassessment\spatialhashingtwo\CustomSprite.h(5): fatal error C1083: Cannot open include file: 'SFML/Graphics.hpp': No such file or directory
         MapManager.cpp
     1>c:\repeatdatastructuresassessment\spatialhashingtwo\CustomSprite.h(5): fatal error C1083: Cannot open include file: 'SFML/Graphics.hpp': No such file or directory
         SpatialHashingTwo.cpp
     1>c:\repeatdatastructuresassessment\spatialhashingtwo\CustomSprite.h(5): fatal error C1083: Cannot open include file: 'SFML/Graphics.hpp': No such file or directory
         SpriteManager.cpp
     1>c:\repeatdatastructuresassessment\spatialhashingtwo\CustomSprite.h(5): fatal error C1083: Cannot open include file: 'SFML/Graphics.hpp': No such file or directory
     1>Done Building Project "C:\repeatDataStructuresAssessment\SpatialHashingTwo\SpatialHashingTwo.vcxproj" (build target(s)) -- FAILED.

Build FAILED.

Time Elapsed 00:00:01.46
